2024-01-19 11:23:53.068 -0300 [debug] ([34mconfigs.js[0m) [31mloaded default configs as "{"updates":{"manifest_url":"https://cdn.freshdev.io/assets/fdk/updates.json","period":24},"log":{"level":"info"},"javascript":{"ecma_version":2020},"request":{"timeout":5000}}"[0m
2024-01-19 11:23:53.084 -0300 [debug] ([34mfile.js[0m) [31mError while requiring /root/.fdk/configs.json: Cannot find module '/root/.fdk/configs.json'
Require stack:
- /root/.nvm/versions/node/v18.16.1/lib/node_modules/fdk/lib/utils/file.js
- /root/.nvm/versions/node/v18.16.1/lib/node_modules/fdk/lib/configs.js
- /root/.nvm/versions/node/v18.16.1/lib/node_modules/fdk/lib/logger.js
- /root/.nvm/versions/node/v18.16.1/lib/node_modules/fdk/index.js[0m
2024-01-19 11:23:53.084 -0300 [debug] ([34mconfigs.js[0m) [31mloaded global configs as "{}"[0m
2024-01-19 11:23:53.085 -0300 [debug] ([34mfile.js[0m) [31mError while requiring /home/fabricio/Dev/freshplug 1/.fdk/configs.json: Cannot find module '/home/fabricio/Dev/freshplug 1/.fdk/configs.json'
Require stack:
- /root/.nvm/versions/node/v18.16.1/lib/node_modules/fdk/lib/utils/file.js
- /root/.nvm/versions/node/v18.16.1/lib/node_modules/fdk/lib/configs.js
- /root/.nvm/versions/node/v18.16.1/lib/node_modules/fdk/lib/logger.js
- /root/.nvm/versions/node/v18.16.1/lib/node_modules/fdk/index.js[0m
2024-01-19 11:23:53.085 -0300 [debug] ([34mconfigs.js[0m) [31mloaded local configs as "{}"[0m
2024-01-19 11:23:53.085 -0300 [debug] ([34mconfigs.js[0m) [31mloaded env configs as "{"updates":{},"log":{},"javascript":{},"request":{"timeout":5000}}"[0m
2024-01-19 11:23:53.085 -0300 [debug] ([34mconfigs.js[0m) [31mloaded resolved configs as "{"updates":{"manifest_url":"https://cdn.freshdev.io/assets/fdk/updates.json","period":24},"log":{"level":"info"},"javascript":{"ecma_version":2020},"request":{"timeout":5000}}"[0m
2024-01-19 11:23:53.085 -0300 [debug] ([34mlogger.js[0m) [31mStarting FDK in node v18.16.1 on linux[0m
2024-01-19 11:23:53.086 -0300 [debug] ([34msequelize.js[0m) [31msetting up sqilite at "/home/fabricio/Dev/freshplug 1/.fdk/store.sqlite"[0m
2024-01-19 11:23:53.086 -0300 [debug] ([34mdata.js[0m) [31mRead {"version_details":{"cli":{"deprecated":{"version":"<9","message":"This FDK version will be deprecated by September 30, 2023 There will be no further feature updates to this version. For a seamless app building experience, ensure to move to the latest FDK version. For more information, see https://developers.freshdesk.com/v2/docs/migration-overview/#latest_platform_version_migration."},"forced":{"version":"7.0.0","command":"npm install https://dl.freshdev.io/cli/fdk-7.0.0.tgz -g","message":"Your FDK version has been forced updated to v7.0.0, please visit https://community.developers.freshworks.com/t/fdk-v7-0-announcing-node-js-v12-and-es6-support/3606 to know more"},"latest":{"version":"9.0.8","command":"npm install https://cdn.freshdev.io/fdk/latest.tgz -g","message":"You are on the latest FDK version. For information on the features available as part of this FDK version, see https://developers.freshdesk.com/v2/docs/what's-new/ ."}},"addon":{"version":"1.13.8","url":"https://cdn.freshdev.io/assets/fdk/addons/addon.zip"}},"last_updated":{"time_stamp":1705671248107}}[0m
2024-01-19 11:23:53.086 -0300 [debug] ([34mupdater.js[0m) [31mlast check less than 24 hours ago, not looking for updates[0m
2024-01-19 11:23:53.093 -0300 [debug] ([34mindex.js[0m) [31mrunning with opts {}[0m
2024-01-19 11:23:53.154 -0300 [debug] ([34mmanifest.js[0m) [31mReloading manifest with {"platform-version":"2.2","product":{"freshdesk":{"location":{"ticket_sidebar":{"url":"HTML_Files/template.html","icon":"icon.svg"},"contact_sidebar":{"url":"HTML_Files/template.html","icon":"icon.svg"}},"functions":{"updateDealAfterWon":{"timeout":10},"getAllProductsUsingfFilter":{"timeout":10},"productDetails":{"timeout":10},"getAllCurrencies":{"timeout":10},"checkOrganisation":{"timeout":10},"createPerson":{"timeout":10},"createDeal":{"timeout":10},"addProducts":{"timeout":10},"fetchPipeline":{"timeout":10},"fetchPipelineStage":{"timeout":10},"fetchOwner":{"timeout":10},"addNote":{"timeout":10}}}},"whitelisted-domains":["https://*.freshdesk.com","https://*.pipedrive.com"],"dependencies":{"request":"2.72.0","base-64":"0.1.0"},"engines":{"node":"14.21.2","fdk":"8.6.7"}}.[0m
2024-01-19 11:23:53.155 -0300 [debug] ([34mmanifest.js[0m) [31mInferred db,backend as features.[0m
2024-01-19 11:23:53.156 -0300 [debug] ([34mdata.js[0m) [31mRead {"version_details":{"cli":{"deprecated":{"version":"<9","message":"This FDK version will be deprecated by September 30, 2023 There will be no further feature updates to this version. For a seamless app building experience, ensure to move to the latest FDK version. For more information, see https://developers.freshdesk.com/v2/docs/migration-overview/#latest_platform_version_migration."},"forced":{"version":"7.0.0","command":"npm install https://dl.freshdev.io/cli/fdk-7.0.0.tgz -g","message":"Your FDK version has been forced updated to v7.0.0, please visit https://community.developers.freshworks.com/t/fdk-v7-0-announcing-node-js-v12-and-es6-support/3606 to know more"},"latest":{"version":"9.0.8","command":"npm install https://cdn.freshdev.io/fdk/latest.tgz -g","message":"You are on the latest FDK version. For information on the features available as part of this FDK version, see https://developers.freshdesk.com/v2/docs/what's-new/ ."}},"addon":{"version":"1.13.8","url":"https://cdn.freshdev.io/assets/fdk/addons/addon.zip"}},"last_updated":{"time_stamp":1705671248107}}[0m
2024-01-19 11:23:56.334 -0300 [debug] ([34mdata.js[0m) [31mRead {"version_details":{"cli":{"deprecated":{"version":"<9","message":"This FDK version will be deprecated by September 30, 2023 There will be no further feature updates to this version. For a seamless app building experience, ensure to move to the latest FDK version. For more information, see https://developers.freshdesk.com/v2/docs/migration-overview/#latest_platform_version_migration."},"forced":{"version":"7.0.0","command":"npm install https://dl.freshdev.io/cli/fdk-7.0.0.tgz -g","message":"Your FDK version has been forced updated to v7.0.0, please visit https://community.developers.freshworks.com/t/fdk-v7-0-announcing-node-js-v12-and-es6-support/3606 to know more"},"latest":{"version":"9.0.8","command":"npm install https://cdn.freshdev.io/fdk/latest.tgz -g","message":"You are on the latest FDK version. For information on the features available as part of this FDK version, see https://developers.freshdesk.com/v2/docs/what's-new/ ."}},"addon":{"version":"1.13.8","url":"https://cdn.freshdev.io/assets/fdk/addons/addon.zip"}},"last_updated":{"time_stamp":1705671248107}}[0m
2024-01-19 11:23:57.610 -0300 [debug] ([34mvalidate.js[0m) [31masked to skip the following validations, [0m
2024-01-19 11:23:57.613 -0300 [debug] ([34mvalidate.js[0m) [31mrunning validator actions[0m
2024-01-19 11:23:57.614 -0300 [debug] ([34mvalidate.js[0m) [31mrunning validator requests[0m
2024-01-19 11:23:57.614 -0300 [debug] ([34mvalidate.js[0m) [31mrunning validator app-dir[0m
2024-01-19 11:23:57.615 -0300 [debug] ([34mvalidate.js[0m) [31mrunning validator config-dir[0m
2024-01-19 11:23:57.615 -0300 [debug] ([34mconfig-dir.js[0m) [31mChecking to see if /home/fabricio/Dev/freshplug 1/config/ exists.[0m
2024-01-19 11:23:57.615 -0300 [debug] ([34mconfig-dir.js[0m) [31mFetched the following config files iparams.html[0m
2024-01-19 11:23:57.616 -0300 [debug] ([34mvalidate.js[0m) [31mrunning validator custom-objects[0m
2024-01-19 11:23:57.616 -0300 [debug] ([34mvalidate.js[0m) [31mrunning validator event[0m
2024-01-19 11:23:57.653 -0300 [debug] ([34mevent.js[0m) [31mFound ["updateDealAfterWon","getAllProductsUsingfFilter","productDetails","getAllCurrencies","checkOrganisation","createPerson","createDeal","addProducts","fetchPipeline","fetchPipelineStage","fetchOwner","addNote"] as exported functions.[0m
2024-01-19 11:23:57.655 -0300 [debug] ([34mvalidate.js[0m) [31mrunning validator iparam[0m
2024-01-19 11:23:57.760 -0300 [debug] ([34mvalidate.js[0m) [31mrunning validator lint[0m
2024-01-19 11:23:57.761 -0300 [debug] ([34mlint.js[0m) [31mpassed fix flag: undefined[0m
2024-01-19 11:23:57.764 -0300 [debug] ([34mlint.js[0m) [31mRunning the following lints on the file app/JS_Files/app.js : no-caller,no-process-env,complexity,max-nested-callbacks,handle-callback-err,no-eval,no-alert,no-debugger,no-unreachable,no-unhandled-promise,no-logging-rejections,no-non-client-request-model,no-deprecated-apis,no-proxy-requests,no-cross-scope-assign,no-empty-function,no-unused-vars[0m
2024-01-19 11:23:57.990 -0300 [debug] ([34mlint.js[0m) [31mRunning the following lints on the file app/JS_Files/createContact.js : no-caller,no-process-env,complexity,max-nested-callbacks,handle-callback-err,no-eval,no-alert,no-debugger,no-unreachable,no-unhandled-promise,no-logging-rejections,no-non-client-request-model,no-deprecated-apis,no-proxy-requests,no-cross-scope-assign,no-empty-function,no-unused-vars[0m
2024-01-19 11:23:58.072 -0300 [debug] ([34mlint.js[0m) [31mRunning the following lints on the file app/JS_Files/createDeals.js : no-caller,no-process-env,complexity,max-nested-callbacks,handle-callback-err,no-eval,no-alert,no-debugger,no-unreachable,no-unhandled-promise,no-logging-rejections,no-non-client-request-model,no-deprecated-apis,no-proxy-requests,no-cross-scope-assign,no-empty-function,no-unused-vars[0m
2024-01-19 11:23:58.205 -0300 [debug] ([34mlint.js[0m) [31mRunning the following lints on the file app/JS_Files/deals.js : no-caller,no-process-env,complexity,max-nested-callbacks,handle-callback-err,no-eval,no-alert,no-debugger,no-unreachable,no-unhandled-promise,no-logging-rejections,no-non-client-request-model,no-deprecated-apis,no-proxy-requests,no-cross-scope-assign,no-empty-function,no-unused-vars[0m
2024-01-19 11:23:58.237 -0300 [debug] ([34mlint.js[0m) [31mRunning the following lints on the file app/JS_Files/handleError.js : no-caller,no-process-env,complexity,max-nested-callbacks,handle-callback-err,no-eval,no-alert,no-debugger,no-unreachable,no-unhandled-promise,no-logging-rejections,no-non-client-request-model,no-deprecated-apis,no-proxy-requests,no-cross-scope-assign,no-empty-function,no-unused-vars[0m
2024-01-19 11:23:58.240 -0300 [debug] ([34mlint.js[0m) [31mRunning the following lints on the file app/JS_Files/organisation.js : no-caller,no-process-env,complexity,max-nested-callbacks,handle-callback-err,no-eval,no-alert,no-debugger,no-unreachable,no-unhandled-promise,no-logging-rejections,no-non-client-request-model,no-deprecated-apis,no-proxy-requests,no-cross-scope-assign,no-empty-function,no-unused-vars[0m
2024-01-19 11:23:58.252 -0300 [debug] ([34mlint.js[0m) [31mRunning the following lints on the file server/lib/request_data.js : no-caller,no-process-env,complexity,max-nested-callbacks,handle-callback-err,no-eval,no-alert,no-debugger,no-unreachable,no-unhandled-promise,no-logging-rejections,no-non-client-request-model,no-deprecated-apis,no-proxy-requests,no-dependency-mismatch,no-empty-function,no-unused-vars[0m
2024-01-19 11:23:58.262 -0300 [debug] ([34mlint.js[0m) [31mRunning the following lints on the file server/server.js : no-caller,no-process-env,complexity,max-nested-callbacks,handle-callback-err,no-eval,no-alert,no-debugger,no-unreachable,no-unhandled-promise,no-logging-rejections,no-non-client-request-model,no-deprecated-apis,no-proxy-requests,no-dependency-mismatch,no-empty-function,no-unused-vars[0m
2024-01-19 11:23:58.321 -0300 [debug] ([34mvalidate.js[0m) [31mrunning validator manifest[0m
2024-01-19 11:23:58.322 -0300 [debug] ([34mvalidate.js[0m) [31mrunning validator manifest-dependency[0m
2024-01-19 11:24:05.107 -0300 [debug] ([34mvalidate.js[0m) [31mrunning validator oauth[0m
2024-01-19 11:24:05.107 -0300 [debug] ([34mvalidate.js[0m) [31mskipping validator pkgsize[0m
2024-01-19 11:24:05.107 -0300 [debug] ([34mvalidate.js[0m) [31mskipping validator schema[0m
2024-01-19 11:24:05.107 -0300 [debug] ([34mvalidate.js[0m) [31mrunning validator version-check[0m
2024-01-19 11:24:05.108 -0300 [warn] [33m[WARN][0m App was developed in Node.js runtime 14.21.2, and is currently being executed in v18.16.1
2024-01-19 11:24:05.140 -0300 [debug] ([34mevent.js[0m) [31mFound ["updateDealAfterWon","getAllProductsUsingfFilter","productDetails","getAllCurrencies","checkOrganisation","createPerson","createDeal","addProducts","fetchPipeline","fetchPipelineStage","fetchOwner","addNote"] as exported functions.[0m
2024-01-19 11:24:05.141 -0300 [debug] ([34mmanifest.js[0m) [31mValidating function updateDealAfterWon[0m
2024-01-19 11:24:05.147 -0300 [debug] ([34mmanifest.js[0m) [31mValidating function getAllProductsUsingfFilter[0m
2024-01-19 11:24:05.148 -0300 [debug] ([34mmanifest.js[0m) [31mValidating function productDetails[0m
2024-01-19 11:24:05.148 -0300 [debug] ([34mmanifest.js[0m) [31mValidating function getAllCurrencies[0m
2024-01-19 11:24:05.148 -0300 [debug] ([34mmanifest.js[0m) [31mValidating function checkOrganisation[0m
2024-01-19 11:24:05.148 -0300 [debug] ([34mmanifest.js[0m) [31mValidating function createPerson[0m
2024-01-19 11:24:05.148 -0300 [debug] ([34mmanifest.js[0m) [31mValidating function createDeal[0m
2024-01-19 11:24:05.149 -0300 [debug] ([34mmanifest.js[0m) [31mValidating function addProducts[0m
2024-01-19 11:24:05.149 -0300 [debug] ([34mmanifest.js[0m) [31mValidating function fetchPipeline[0m
2024-01-19 11:24:05.149 -0300 [debug] ([34mmanifest.js[0m) [31mValidating function fetchPipelineStage[0m
2024-01-19 11:24:05.149 -0300 [debug] ([34mmanifest.js[0m) [31mValidating function fetchOwner[0m
2024-01-19 11:24:05.149 -0300 [debug] ([34mmanifest.js[0m) [31mValidating function addNote[0m
2024-01-19 11:24:12.975 -0300 [debug] ([34mversion-check.js[0m) [31mabout to delete coverage folder[0m
2024-01-23 09:02:49.150 -0300 [debug] ([34mconfigs.js[0m) [31mloaded default configs as "{"updates":{"manifest_url":"https://cdn.freshdev.io/assets/fdk/updates.json","period":24},"log":{"level":"info"},"javascript":{"ecma_version":2020},"request":{"timeout":5000}}"[0m
2024-01-23 09:02:49.154 -0300 [debug] ([34mfile.js[0m) [31mError while requiring /root/.fdk/configs.json: Cannot find module '/root/.fdk/configs.json'
Require stack:
- /root/.nvm/versions/node/v18.16.1/lib/node_modules/fdk/lib/utils/file.js
- /root/.nvm/versions/node/v18.16.1/lib/node_modules/fdk/lib/configs.js
- /root/.nvm/versions/node/v18.16.1/lib/node_modules/fdk/lib/logger.js
- /root/.nvm/versions/node/v18.16.1/lib/node_modules/fdk/index.js[0m
2024-01-23 09:02:49.155 -0300 [debug] ([34mconfigs.js[0m) [31mloaded global configs as "{}"[0m
2024-01-23 09:02:49.155 -0300 [debug] ([34mfile.js[0m) [31mError while requiring /home/fabricio/Dev/freshplug 1/.fdk/configs.json: Cannot find module '/home/fabricio/Dev/freshplug 1/.fdk/configs.json'
Require stack:
- /root/.nvm/versions/node/v18.16.1/lib/node_modules/fdk/lib/utils/file.js
- /root/.nvm/versions/node/v18.16.1/lib/node_modules/fdk/lib/configs.js
- /root/.nvm/versions/node/v18.16.1/lib/node_modules/fdk/lib/logger.js
- /root/.nvm/versions/node/v18.16.1/lib/node_modules/fdk/index.js[0m
2024-01-23 09:02:49.155 -0300 [debug] ([34mconfigs.js[0m) [31mloaded local configs as "{}"[0m
2024-01-23 09:02:49.155 -0300 [debug] ([34mconfigs.js[0m) [31mloaded env configs as "{"updates":{},"log":{},"javascript":{},"request":{"timeout":5000}}"[0m
2024-01-23 09:02:49.155 -0300 [debug] ([34mconfigs.js[0m) [31mloaded resolved configs as "{"updates":{"manifest_url":"https://cdn.freshdev.io/assets/fdk/updates.json","period":24},"log":{"level":"info"},"javascript":{"ecma_version":2020},"request":{"timeout":5000}}"[0m
2024-01-23 09:02:49.155 -0300 [debug] ([34mlogger.js[0m) [31mStarting FDK in node v18.16.1 on linux[0m
2024-01-23 09:02:49.155 -0300 [debug] ([34msequelize.js[0m) [31msetting up sqilite at "/home/fabricio/Dev/freshplug 1/.fdk/store.sqlite"[0m
2024-01-23 09:02:49.155 -0300 [debug] ([34mdata.js[0m) [31mRead {"version_details":{"cli":{"deprecated":{"version":"<9","message":"This FDK version will be deprecated by September 30, 2023 There will be no further feature updates to this version. For a seamless app building experience, ensure to move to the latest FDK version. For more information, see https://developers.freshdesk.com/v2/docs/migration-overview/#latest_platform_version_migration."},"forced":{"version":"7.0.0","command":"npm install https://dl.freshdev.io/cli/fdk-7.0.0.tgz -g","message":"Your FDK version has been forced updated to v7.0.0, please visit https://community.developers.freshworks.com/t/fdk-v7-0-announcing-node-js-v12-and-es6-support/3606 to know more"},"latest":{"version":"9.0.8","command":"npm install https://cdn.freshdev.io/fdk/latest.tgz -g","message":"You are on the latest FDK version. For information on the features available as part of this FDK version, see https://developers.freshdesk.com/v2/docs/what's-new/ ."}},"addon":{"version":"1.13.8","url":"https://cdn.freshdev.io/assets/fdk/addons/addon.zip"}},"last_updated":{"time_stamp":1705671248107}}[0m
2024-01-23 09:02:49.155 -0300 [debug] ([34mupdater.js[0m) [31mlast check more than 24 hours ago, looking for updates again[0m
2024-01-23 09:02:49.630 -0300 [debug] ([34mupdater.js[0m) [31mdownloaded update manifest as {"cli":{"deprecated":{"version":"<9","message":"This FDK version will be deprecated by September 30, 2023 There will be no further feature updates to this version. For a seamless app building experience, ensure to move to the latest FDK version. For more information, see https://developers.freshdesk.com/v2/docs/migration-overview/#latest_platform_version_migration."},"forced":{"version":"7.0.0","command":"npm install https://dl.freshdev.io/cli/fdk-7.0.0.tgz -g","message":"Your FDK version has been forced updated to v7.0.0, please visit https://community.developers.freshworks.com/t/fdk-v7-0-announcing-node-js-v12-and-es6-support/3606 to know more"},"latest":{"version":"9.0.8","command":"npm install https://cdn.freshdev.io/fdk/latest.tgz -g","message":"You are on the latest FDK version. For information on the features available as part of this FDK version, see https://developers.freshdesk.com/v2/docs/what's-new/ ."}},"addon":{"version":"1.13.8","url":"https://cdn.freshdev.io/assets/fdk/addons/addon.zip"}}[0m
